This file contains any messages produced by compilers while
running configure, to aid debugging if configure makes a mistake.

It was created by holaclase configure 1.0, which was
generated by GNU Autoconf 2.69.  Invocation command line was

  $ ./configure 

## --------- ##
## Platform. ##
## --------- ##

hostname = ph0enix
uname -m = x86_64
uname -r = 3.19.0-rc6+
uname -s = Linux
uname -v = #1 SMP Wed Feb 4 13:19:44 CET 2015

/usr/bin/uname -p = unknown
/bin/uname -X     = unknown

/bin/arch              = unknown
/usr/bin/arch -k       = unknown
/usr/convex/getsysinfo = unknown
/usr/bin/hostinfo      = unknown
/bin/machine           = unknown
/usr/bin/oslevel       = unknown
/bin/universe          = unknown

PATH: /usr/local/bin
PATH: /usr/bin
PATH: /bin
PATH: /usr/local/games
PATH: /usr/games
PATH: /home/alvaro/Escritorio/devel/sysmocom/toolchain/install/bin


## ----------- ##
## Core tests. ##
## ----------- ##

configure:2066: checking for a BSD-compatible install
configure:2134: result: /usr/bin/install -c
configure:2145: checking whether build environment is sane
configure:2195: result: yes
configure:2336: checking for a thread-safe mkdir -p
configure:2375: result: /bin/mkdir -p
configure:2388: checking for gawk
configure:2404: found /usr/bin/gawk
configure:2415: result: gawk
configure:2426: checking whether make sets $(MAKE)
configure:2448: result: yes
configure:2579: checking for gcc
configure:2595: found /usr/bin/gcc
configure:2606: result: gcc
configure:2835: checking for C compiler version
configure:2844: gcc --version >&5
gcc (Debian 4.7.2-5) 4.7.2
Copyright (C) 2012 Free Software Foundation, Inc.
This is free software; see the source for copying conditions.  There is NO
warranty; not even for MERCHANTABILITY or FITNESS FOR A PARTICULAR PURPOSE.

configure:2855: $? = 0
configure:2844: gcc -v >&5
Using built-in specs.
COLLECT_GCC=gcc
COLLECT_LTO_WRAPPER=/usr/lib/gcc/x86_64-linux-gnu/4.7/lto-wrapper
Target: x86_64-linux-gnu
Configured with: ../src/configure -v --with-pkgversion='Debian 4.7.2-5' --with-bugurl=file:///usr/share/doc/gcc-4.7/README.Bugs --enable-languages=c,c++,go,fortran,objc,obj-c++ --prefix=/usr --program-suffix=-4.7 --enable-shared --enable-linker-build-id --with-system-zlib --libexecdir=/usr/lib --without-included-gettext --enable-threads=posix --with-gxx-include-dir=/usr/include/c++/4.7 --libdir=/usr/lib --enable-nls --with-sysroot=/ --enable-clocale=gnu --enable-libstdcxx-debug --enable-libstdcxx-time=yes --enable-gnu-unique-object --enable-plugin --enable-objc-gc --with-arch-32=i586 --with-tune=generic --enable-checking=release --build=x86_64-linux-gnu --host=x86_64-linux-gnu --target=x86_64-linux-gnu
Thread model: posix
gcc version 4.7.2 (Debian 4.7.2-5) 
configure:2855: $? = 0
configure:2844: gcc -V >&5
gcc: error: unrecognized command line option '-V'
gcc: fatal error: no input files
compilation terminated.
configure:2855: $? = 4
configure:2844: gcc -qversion >&5
gcc: error: unrecognized command line option '-qversion'
gcc: fatal error: no input files
compilation terminated.
configure:2855: $? = 4
configure:2875: checking whether the C compiler works
configure:2897: gcc    conftest.c  >&5
configure:2901: $? = 0
configure:2949: result: yes
configure:2952: checking for C compiler default output file name
configure:2954: result: a.out
configure:2960: checking for suffix of executables
configure:2967: gcc -o conftest    conftest.c  >&5
configure:2971: $? = 0
configure:2993: result: 
configure:3015: checking whether we are cross compiling
configure:3023: gcc -o conftest    conftest.c  >&5
configure:3027: $? = 0
configure:3034: ./conftest
configure:3038: $? = 0
configure:3053: result: no
configure:3058: checking for suffix of object files
configure:3080: gcc -c   conftest.c >&5
configure:3084: $? = 0
configure:3105: result: o
configure:3109: checking whether we are using the GNU C compiler
configure:3128: gcc -c   conftest.c >&5
configure:3128: $? = 0
configure:3137: result: yes
configure:3146: checking whether gcc accepts -g
configure:3166: gcc -c -g  conftest.c >&5
configure:3166: $? = 0
configure:3207: result: yes
configure:3224: checking for gcc option to accept ISO C89
configure:3287: gcc  -c -g -O2  conftest.c >&5
configure:3287: $? = 0
configure:3300: result: none needed
configure:3331: checking for style of include used by make
configure:3359: result: GNU
configure:3385: checking dependency style of gcc
configure:3496: result: gcc3
configure:3521: checking how to run the C preprocessor
configure:3552: gcc -E  conftest.c
configure:3552: $? = 0
configure:3566: gcc -E  conftest.c
conftest.c:11:28: fatal error: ac_nonexistent.h: No such file or directory
compilation terminated.
configure:3566: $? = 1
configure: failed program was:
| /* confdefs.h */
| #define PACKAGE_NAME "holaclase"
| #define PACKAGE_TARNAME "holaclase"
| #define PACKAGE_VERSION "1.0"
| #define PACKAGE_STRING "holaclase 1.0"
| #define PACKAGE_BUGREPORT "correo@falso.com"
| #define PACKAGE_URL ""
| #define PACKAGE "holaclase"
| #define VERSION "1.0"
| /* end confdefs.h.  */
| #include <ac_nonexistent.h>
configure:3591: result: gcc -E
configure:3611: gcc -E  conftest.c
configure:3611: $? = 0
configure:3625: gcc -E  conftest.c
conftest.c:11:28: fatal error: ac_nonexistent.h: No such file or directory
compilation terminated.
configure:3625: $? = 1
configure: failed program was:
| /* confdefs.h */
| #define PACKAGE_NAME "holaclase"
| #define PACKAGE_TARNAME "holaclase"
| #define PACKAGE_VERSION "1.0"
| #define PACKAGE_STRING "holaclase 1.0"
| #define PACKAGE_BUGREPORT "correo@falso.com"
| #define PACKAGE_URL ""
| #define PACKAGE "holaclase"
| #define VERSION "1.0"
| /* end confdefs.h.  */
| #include <ac_nonexistent.h>
configure:3654: checking for grep that handles long lines and -e
configure:3712: result: /bin/grep
configure:3717: checking for egrep
configure:3779: result: /bin/grep -E
configure:3784: checking for ANSI C header files
configure:3804: gcc -c -g -O2  conftest.c >&5
configure:3804: $? = 0
configure:3877: gcc -o conftest -g -O2   conftest.c  >&5
configure:3877: $? = 0
configure:3877: ./conftest
configure:3877: $? = 0
configure:3888: result: yes
configure:3901: checking for sys/types.h
configure:3901: gcc -c -g -O2  conftest.c >&5
configure:3901: $? = 0
configure:3901: result: yes
configure:3901: checking for sys/stat.h
configure:3901: gcc -c -g -O2  conftest.c >&5
configure:3901: $? = 0
configure:3901: result: yes
configure:3901: checking for stdlib.h
configure:3901: gcc -c -g -O2  conftest.c >&5
configure:3901: $? = 0
configure:3901: result: yes
configure:3901: checking for string.h
configure:3901: gcc -c -g -O2  conftest.c >&5
configure:3901: $? = 0
configure:3901: result: yes
configure:3901: checking for memory.h
configure:3901: gcc -c -g -O2  conftest.c >&5
configure:3901: $? = 0
configure:3901: result: yes
configure:3901: checking for strings.h
configure:3901: gcc -c -g -O2  conftest.c >&5
configure:3901: $? = 0
configure:3901: result: yes
configure:3901: checking for inttypes.h
configure:3901: gcc -c -g -O2  conftest.c >&5
configure:3901: $? = 0
configure:3901: result: yes
configure:3901: checking for stdint.h
configure:3901: gcc -c -g -O2  conftest.c >&5
configure:3901: $? = 0
configure:3901: result: yes
configure:3901: checking for unistd.h
configure:3901: gcc -c -g -O2  conftest.c >&5
configure:3901: $? = 0
configure:3901: result: yes
configure:3916: checking for stdlib.h
configure:3916: result: yes
configure:3916: checking stdio.h usability
configure:3916: gcc -c -g -O2  conftest.c >&5
configure:3916: $? = 0
configure:3916: result: yes
configure:3916: checking stdio.h presence
configure:3916: gcc -E  conftest.c
configure:3916: $? = 0
configure:3916: result: yes
configure:3916: checking for stdio.h
configure:3916: result: yes
configure:3930: checking for stdlib.h
configure:3930: result: yes
configure:3940: checking for GNU libc compatible malloc
configure:3964: gcc -o conftest -g -O2   conftest.c  >&5
configure:3964: $? = 0
configure:3964: ./conftest
configure:3964: $? = 0
configure:3974: result: yes
configure:4165: creating ./config.status

## ---------------------- ##
## Running config.status. ##
## ---------------------- ##

This file was extended by holaclase config.status 1.0, which was
generated by GNU Autoconf 2.69.  Invocation command line was

  CONFIG_FILES    = 
  CONFIG_HEADERS  = 
  CONFIG_LINKS    = 
  CONFIG_COMMANDS = 
  $ ./config.status 

on ph0enix

config.status:774: creating Makefile
config.status:774: creating src/Makefile
config.status:946: executing depfiles commands

## ---------------- ##
## Cache variables. ##
## ---------------- ##

ac_cv_c_compiler_gnu=yes
ac_cv_env_CC_set=
ac_cv_env_CC_value=
ac_cv_env_CFLAGS_set=
ac_cv_env_CFLAGS_value=
ac_cv_env_CPPFLAGS_set=
ac_cv_env_CPPFLAGS_value=
ac_cv_env_CPP_set=
ac_cv_env_CPP_value=
ac_cv_env_LDFLAGS_set=
ac_cv_env_LDFLAGS_value=
ac_cv_env_LIBS_set=
ac_cv_env_LIBS_value=
ac_cv_env_build_alias_set=
ac_cv_env_build_alias_value=
ac_cv_env_host_alias_set=
ac_cv_env_host_alias_value=
ac_cv_env_target_alias_set=
ac_cv_env_target_alias_value=
ac_cv_func_malloc_0_nonnull=yes
ac_cv_header_inttypes_h=yes
ac_cv_header_memory_h=yes
ac_cv_header_stdc=yes
ac_cv_header_stdint_h=yes
ac_cv_header_stdio_h=yes
ac_cv_header_stdlib_h=yes
ac_cv_header_string_h=yes
ac_cv_header_strings_h=yes
ac_cv_header_sys_stat_h=yes
ac_cv_header_sys_types_h=yes
ac_cv_header_unistd_h=yes
ac_cv_objext=o
ac_cv_path_EGREP='/bin/grep -E'
ac_cv_path_GREP=/bin/grep
ac_cv_path_install='/usr/bin/install -c'
ac_cv_path_mkdir=/bin/mkdir
ac_cv_prog_AWK=gawk
ac_cv_prog_CPP='gcc -E'
ac_cv_prog_ac_ct_CC=gcc
ac_cv_prog_cc_c89=
ac_cv_prog_cc_g=yes
ac_cv_prog_make_make_set=yes
am_cv_CC_dependencies_compiler_type=gcc3

## ----------------- ##
## Output variables. ##
## ----------------- ##

ACLOCAL='${SHELL} /home/alvaro/Escritorio/soleta/cursosextension/cursoC/examples/1Clase/11/missing --run aclocal-1.11'
AMDEPBACKSLASH='\'
AMDEP_FALSE='#'
AMDEP_TRUE=''
AMTAR='$${TAR-tar}'
AUTOCONF='${SHELL} /home/alvaro/Escritorio/soleta/cursosextension/cursoC/examples/1Clase/11/missing --run autoconf'
AUTOHEADER='${SHELL} /home/alvaro/Escritorio/soleta/cursosextension/cursoC/examples/1Clase/11/missing --run autoheader'
AUTOMAKE='${SHELL} /home/alvaro/Escritorio/soleta/cursosextension/cursoC/examples/1Clase/11/missing --run automake-1.11'
AWK='gawk'
CC='gcc'
CCDEPMODE='depmode=gcc3'
CFLAGS='-g -O2'
CPP='gcc -E'
CPPFLAGS=''
CYGPATH_W='echo'
DEFS='-DPACKAGE_NAME=\"holaclase\" -DPACKAGE_TARNAME=\"holaclase\" -DPACKAGE_VERSION=\"1.0\" -DPACKAGE_STRING=\"holaclase\ 1.0\" -DPACKAGE_BUGREPORT=\"correo@falso.com\" -DPACKAGE_URL=\"\" -DPACKAGE=\"holaclase\" -DVERSION=\"1.0\" -DSTDC_HEADERS=1 -DHAVE_SYS_TYPES_H=1 -DHAVE_SYS_STAT_H=1 -DHAVE_STDLIB_H=1 -DHAVE_STRING_H=1 -DHAVE_MEMORY_H=1 -DHAVE_STRINGS_H=1 -DHAVE_INTTYPES_H=1 -DHAVE_STDINT_H=1 -DHAVE_UNISTD_H=1 -DHAVE_STDLIB_H=1 -DHAVE_STDIO_H=1 -DHAVE_STDLIB_H=1 -DHAVE_MALLOC=1'
DEPDIR='.deps'
ECHO_C=''
ECHO_N='-n'
ECHO_T=''
EGREP='/bin/grep -E'
EXEEXT=''
GREP='/bin/grep'
INSTALL_DATA='${INSTALL} -m 644'
INSTALL_PROGRAM='${INSTALL}'
INSTALL_SCRIPT='${INSTALL}'
INSTALL_STRIP_PROGRAM='$(install_sh) -c -s'
LDFLAGS=''
LIBOBJS=''
LIBS=''
LTLIBOBJS=''
MAKEINFO='${SHELL} /home/alvaro/Escritorio/soleta/cursosextension/cursoC/examples/1Clase/11/missing --run makeinfo'
MKDIR_P='/bin/mkdir -p'
OBJEXT='o'
PACKAGE='holaclase'
PACKAGE_BUGREPORT='correo@falso.com'
PACKAGE_NAME='holaclase'
PACKAGE_STRING='holaclase 1.0'
PACKAGE_TARNAME='holaclase'
PACKAGE_URL=''
PACKAGE_VERSION='1.0'
PATH_SEPARATOR=':'
SET_MAKE=''
SHELL='/bin/bash'
STRIP=''
VERSION='1.0'
ac_ct_CC='gcc'
am__EXEEXT_FALSE=''
am__EXEEXT_TRUE='#'
am__fastdepCC_FALSE='#'
am__fastdepCC_TRUE=''
am__include='include'
am__isrc=''
am__leading_dot='.'
am__nodep='_no'
am__quote=''
am__tar='$${TAR-tar} chof - "$$tardir"'
am__untar='$${TAR-tar} xf -'
bindir='${exec_prefix}/bin'
build_alias=''
datadir='${datarootdir}'
datarootdir='${prefix}/share'
docdir='${datarootdir}/doc/${PACKAGE_TARNAME}'
dvidir='${docdir}'
exec_prefix='${prefix}'
host_alias=''
htmldir='${docdir}'
includedir='${prefix}/include'
infodir='${datarootdir}/info'
install_sh='${SHELL} /home/alvaro/Escritorio/soleta/cursosextension/cursoC/examples/1Clase/11/install-sh'
libdir='${exec_prefix}/lib'
libexecdir='${exec_prefix}/libexec'
localedir='${datarootdir}/locale'
localstatedir='${prefix}/var'
mandir='${datarootdir}/man'
mkdir_p='/bin/mkdir -p'
oldincludedir='/usr/include'
pdfdir='${docdir}'
prefix='/usr/local'
program_transform_name='s,x,x,'
psdir='${docdir}'
sbindir='${exec_prefix}/sbin'
sharedstatedir='${prefix}/com'
sysconfdir='${prefix}/etc'
target_alias=''

## ----------- ##
## confdefs.h. ##
## ----------- ##

/* confdefs.h */
#define PACKAGE_NAME "holaclase"
#define PACKAGE_TARNAME "holaclase"
#define PACKAGE_VERSION "1.0"
#define PACKAGE_STRING "holaclase 1.0"
#define PACKAGE_BUGREPORT "correo@falso.com"
#define PACKAGE_URL ""
#define PACKAGE "holaclase"
#define VERSION "1.0"
#define STDC_HEADERS 1
#define HAVE_SYS_TYPES_H 1
#define HAVE_SYS_STAT_H 1
#define HAVE_STDLIB_H 1
#define HAVE_STRING_H 1
#define HAVE_MEMORY_H 1
#define HAVE_STRINGS_H 1
#define HAVE_INTTYPES_H 1
#define HAVE_STDINT_H 1
#define HAVE_UNISTD_H 1
#define HAVE_STDLIB_H 1
#define HAVE_STDIO_H 1
#define HAVE_STDLIB_H 1
#define HAVE_MALLOC 1

configure: exit 0
